2011-11-05 15:42:26 Notice: Notice (8): Use of undefined constant VALID_NOT_EMPTY - assumed 'VALID_NOT_EMPTY' in [/var/www/cakephp/cake/libs/class_registry.php, line 142]
2011-11-05 16:18:44 Notice: Notice (8): Undefined property: UsersController::$Session in [/var/www/cms.local/controllers/users_controller.php, line 23]
2011-11-06 13:27:37 Notice: Notice (8): Undefined property: View::$Form in [/var/www/cms.local/views/users/admin_login.ctp, line 4]
2011-11-06 13:28:23 Notice: Notice (8): Undefined property: View::$Form in [/var/www/cms.local/views/users/admin_login.ctp, line 4]
2011-11-06 13:28:27 Notice: Notice (8): Undefined property: View::$Form in [/var/www/cms.local/views/users/admin_login.ctp, line 4]
2011-11-06 13:28:32 Notice: Notice (8): Undefined property: View::$Form in [/var/www/cms.local/views/users/admin_login.ctp, line 4]
2011-11-06 13:28:33 Notice: Notice (8): Undefined property: View::$Form in [/var/www/cms.local/views/users/admin_login.ctp, line 4]
2011-11-06 13:28:34 Notice: Notice (8): Undefined property: View::$Form in [/var/www/cms.local/views/users/admin_login.ctp, line 4]
2011-11-06 13:31:40 Notice: Notice (8): Undefined property: View::$Form in [/var/www/cms.local/views/users/admin_login.ctp, line 4]
2011-11-06 13:31:41 Notice: Notice (8): Undefined property: View::$Form in [/var/www/cms.local/views/users/admin_login.ctp, line 4]
2011-11-06 13:32:36 Notice: Notice (8): Undefined property: View::$Form in [/var/www/cms.local/views/users/admin_login.ctp, line 4]
2011-11-06 13:33:52 Notice: Notice (8): Undefined property: View::$Facebook in [/var/www/cms.local/views/layouts/default.ctp, line 2]
2011-11-06 13:34:03 Notice: Notice (8): Undefined property: View::$Facebook in [/var/www/cms.local/views/layouts/default.ctp, line 2]
2011-11-06 13:41:02 Notice: Notice (8): Undefined property: View::$Facebook in [/var/www/cms.local/views/layouts/default.ctp, line 2]
2011-11-06 13:41:15 Notice: Notice (8): Undefined property: View::$Form in [/var/www/cms.local/views/users/admin_login.ctp, line 4]
2011-11-06 13:41:35 Notice: Notice (8): Undefined property: View::$Facebook in [/var/www/cms.local/views/layouts/default.ctp, line 2]
2011-11-06 13:41:46 Notice: Notice (8): Undefined property: View::$Facebook in [/var/www/cms.local/views/layouts/default.ctp, line 2]
2011-11-06 13:41:53 Notice: Notice (8): Undefined property: View::$Facebook in [/var/www/cms.local/views/layouts/default.ctp, line 2]
2011-11-06 13:41:59 Notice: Notice (8): Undefined property: View::$Facebook in [/var/www/cms.local/views/layouts/default.ctp, line 2]
2011-11-06 13:42:08 Notice: Notice (8): Undefined property: View::$Facebook in [/var/www/cms.local/views/layouts/default.ctp, line 2]
2011-11-06 13:42:09 Notice: Notice (8): Undefined property: View::$Facebook in [/var/www/cms.local/views/layouts/default.ctp, line 2]
2011-11-06 13:42:12 Notice: Notice (8): Undefined property: View::$Facebook in [/var/www/cms.local/views/layouts/default.ctp, line 2]
2011-11-06 13:42:15 Notice: Notice (8): Undefined property: View::$Facebook in [/var/www/cms.local/views/layouts/default.ctp, line 2]
2011-11-06 13:42:17 Notice: Notice (8): Undefined property: View::$Facebook in [/var/www/cms.local/views/layouts/default.ctp, line 2]
2011-11-06 13:42:29 Notice: Notice (8): Undefined property: View::$Form in [/var/www/cms.local/views/users/admin_login.ctp, line 4]
2011-11-06 13:44:58 Notice: Notice (8): Undefined property: View::$Form in [/var/www/cms.local/views/users/admin_login.ctp, line 4]
2011-11-06 13:45:01 Notice: Notice (8): Undefined property: View::$Form in [/var/www/cms.local/views/users/admin_login.ctp, line 4]
2011-11-06 15:07:25 Notice: Notice (8): Undefined property: View::$Form in [/var/www/cms.local/views/users/admin_login.ctp, line 4]
2011-11-06 15:09:22 Notice: Notice (8): Undefined property: View::$Form in [/var/www/cms.local/views/users/admin_login.ctp, line 4]
2011-11-06 15:09:23 Notice: Notice (8): Undefined property: View::$Form in [/var/www/cms.local/views/users/admin_login.ctp, line 4]
2011-11-06 15:16:43 Notice: Notice (8): Undefined property: View::$Form in [/var/www/cms.local/views/users/admin_login.ctp, line 4]
2011-11-06 15:17:47 Notice: Notice (8): Undefined property: View::$Form in [/var/www/cms.local/views/users/admin_login.ctp, line 4]
2011-11-06 15:21:42 Notice: Notice (8): Undefined property: View::$Form in [/var/www/cms.local/views/users/admin_login.ctp, line 4]
2011-11-06 15:23:14 Notice: Notice (8): Undefined property: View::$Form in [/var/www/cms.local/views/users/admin_login.ctp, line 4]
2011-11-06 15:23:15 Notice: Notice (8): Undefined property: View::$Form in [/var/www/cms.local/views/users/admin_login.ctp, line 4]
2011-11-06 15:24:50 Notice: Notice (8): Undefined property: View::$Form in [/var/www/cms.local/views/users/admin_login.ctp, line 4]
2011-11-06 15:24:51 Notice: Notice (8): Undefined property: View::$Form in [/var/www/cms.local/views/users/admin_login.ctp, line 4]
2011-11-06 15:24:58 Notice: Notice (8): Undefined property: View::$Form in [/var/www/cms.local/views/users/admin_login.ctp, line 4]
2011-11-06 15:25:05 Notice: Notice (8): Undefined property: View::$Facebook in [/var/www/cms.local/views/layouts/default.ctp, line 2]
2011-11-06 15:25:06 Notice: Notice (8): Undefined property: View::$Facebook in [/var/www/cms.local/views/layouts/default.ctp, line 2]
2011-11-06 15:25:13 Notice: Notice (8): Undefined property: View::$Facebook in [/var/www/cms.local/views/layouts/default.ctp, line 2]
2011-11-06 15:25:18 Notice: Notice (8): Undefined property: View::$Facebook in [/var/www/cms.local/views/layouts/default.ctp, line 2]
2011-11-06 15:25:20 Notice: Notice (8): Undefined property: View::$Facebook in [/var/www/cms.local/views/layouts/default.ctp, line 2]
2011-11-06 15:25:42 Notice: Notice (8): Undefined property: View::$Facebook in [/var/www/cms.local/views/layouts/default.ctp, line 2]
2011-11-06 15:25:50 Notice: Notice (8): Undefined property: View::$Form in [/var/www/cms.local/views/users/admin_login.ctp, line 4]
2011-11-06 15:25:57 Notice: Notice (8): Undefined property: View::$Form in [/var/www/cms.local/views/users/admin_login.ctp, line 4]
2011-11-06 15:25:58 Notice: Notice (8): Undefined property: View::$Form in [/var/www/cms.local/views/users/admin_login.ctp, line 4]
2011-11-06 15:25:59 Notice: Notice (8): Undefined property: View::$Form in [/var/www/cms.local/views/users/admin_login.ctp, line 4]
2011-11-06 15:26:10 Notice: Notice (8): Undefined property: View::$Facebook in [/var/www/cms.local/views/layouts/default.ctp, line 2]
2011-11-06 15:26:23 Notice: Notice (8): Undefined property: View::$Facebook in [/var/www/cms.local/views/layouts/default.ctp, line 2]
2011-11-06 15:26:29 Notice: Notice (8): Undefined property: View::$Form in [/var/www/cms.local/views/users/admin_login.ctp, line 4]
2011-11-06 15:26:31 Notice: Notice (8): Undefined property: View::$Form in [/var/www/cms.local/views/users/admin_login.ctp, line 4]
2011-11-06 15:27:04 Notice: Notice (8): Undefined property: View::$Form in [/var/www/cms.local/views/users/admin_login.ctp, line 4]
2011-11-06 15:27:29 Notice: Notice (8): Undefined property: View::$Form in [/var/www/cms.local/views/users/admin_login.ctp, line 4]
2011-11-06 15:28:11 Notice: Notice (8): Undefined property: View::$Facebook in [/var/www/cms.local/views/layouts/default.ctp, line 2]
2011-11-06 15:30:47 Notice: Notice (8): Undefined property: View::$Facebook in [/var/www/cms.local/views/layouts/default.ctp, line 2]
2011-11-06 15:31:00 Notice: Notice (8): Undefined property: View::$Form in [/var/www/cms.local/views/users/admin_login.ctp, line 4]
2011-11-06 15:35:27 Notice: Notice (8): Undefined property: PagesController::$Auth in [/var/www/cms.local/app_controller.php, line 14]
2011-11-06 15:35:36 Notice: Notice (8): Undefined property: View::$Form in [/var/www/cms.local/views/users/admin_login.ctp, line 4]
2011-11-06 15:35:56 Notice: Notice (8): Undefined property: View::$Form in [/var/www/cms.local/views/users/admin_login.ctp, line 4]
2011-11-06 15:36:00 Notice: Notice (8): Undefined property: View::$Form in [/var/www/cms.local/views/users/admin_login.ctp, line 4]
2011-11-06 15:36:21 Notice: Notice (8): Undefined property: View::$Form in [/var/www/cms.local/views/users/admin_login.ctp, line 5]
2011-11-06 15:36:32 Notice: Notice (8): Undefined property: View::$Form in [/var/www/cms.local/views/users/admin_login.ctp, line 7]
2011-11-06 15:37:28 Notice: Notice (8): Undefined property: View::$Form in [/var/www/cms.local/views/users/admin_login.ctp, line 4]
2011-11-06 15:37:29 Notice: Notice (8): Undefined property: View::$Form in [/var/www/cms.local/views/users/admin_login.ctp, line 4]
2011-11-06 15:37:30 Notice: Notice (8): Undefined property: View::$Form in [/var/www/cms.local/views/users/admin_login.ctp, line 4]
2011-11-06 15:37:37 Notice: Notice (8): Undefined property: View::$Form in [/var/www/cms.local/views/users/admin_login.ctp, line 4]
2011-11-06 15:37:52 Notice: Notice (8): Undefined property: View::$Facebook in [/var/www/cms.local/views/layouts/default.ctp, line 2]
2011-11-06 15:38:00 Notice: Notice (8): Undefined property: View::$Facebook in [/var/www/cms.local/views/layouts/default.ctp, line 2]
2011-11-06 15:38:29 Notice: Notice (8): Undefined property: View::$Facebook in [/var/www/cms.local/views/layouts/default.ctp, line 2]
2011-11-06 15:38:43 Notice: Notice (8): Undefined property: View::$Form in [/var/www/cms.local/views/users/admin_login.ctp, line 4]
2011-11-06 15:38:45 Notice: Notice (8): Undefined property: View::$Form in [/var/www/cms.local/views/users/admin_login.ctp, line 4]
2011-11-06 15:39:17 Notice: Notice (8): Undefined property: UsersController::$Auth in [/var/www/cms.local/controllers/users_controller.php, line 63]
2011-11-06 15:39:18 Notice: Notice (8): Undefined property: UsersController::$Auth in [/var/www/cms.local/controllers/users_controller.php, line 63]
2011-11-06 15:39:30 Notice: Notice (8): Undefined property: View::$Facebook in [/var/www/cms.local/views/layouts/default.ctp, line 2]
2011-11-06 15:39:32 Notice: Notice (8): Undefined property: View::$Facebook in [/var/www/cms.local/views/pages/home.ctp, line 1]
2011-11-06 15:39:34 Notice: Notice (8): Undefined property: View::$Facebook in [/var/www/cms.local/views/pages/home.ctp, line 1]
2011-11-06 15:39:35 Notice: Notice (8): Undefined property: View::$Facebook in [/var/www/cms.local/views/pages/home.ctp, line 1]
2011-11-06 16:07:07 Notice: Notice (8): Undefined property: View::$Form in [/var/www/cms.local/views/users/login.ctp, line 4]
2011-11-06 16:07:55 Notice: Notice (8): Undefined property: View::$Form in [/var/www/cms.local/views/users/login.ctp, line 4]
2011-11-06 16:35:25 Notice: Notice (8): Undefined variable: user in [/var/www/cms.local/controllers/users_controller.php, line 8]
2011-11-06 16:36:13 Notice: Notice (8): Undefined variable: user in [/var/www/cms.local/controllers/users_controller.php, line 8]
2011-11-06 16:36:14 Notice: Notice (8): Undefined variable: user in [/var/www/cms.local/controllers/users_controller.php, line 8]
2011-11-06 16:36:34 Notice: Notice (8): Undefined property: UsersController::$user in [/var/www/cms.local/controllers/users_controller.php, line 8]
2011-11-06 16:50:37 Notice: Notice (8): Undefined property: AuthComponent::$User in [/var/www/cms.local/controllers/pages_controller.php, line 88]
2011-11-06 16:50:37 Notice: Notice (8): Trying to get property of non-object in [/var/www/cms.local/controllers/pages_controller.php, line 88]
2011-11-06 16:51:27 Notice: Notice (8): Undefined property: AuthComponent::$User in [/var/www/cms.local/controllers/pages_controller.php, line 88]
2011-11-06 16:51:27 Notice: Notice (8): Trying to get property of non-object in [/var/www/cms.local/controllers/pages_controller.php, line 88]
2011-11-06 16:51:39 Notice: Notice (8): Undefined property: AuthComponent::$User in [/var/www/cms.local/controllers/pages_controller.php, line 88]
2011-11-06 16:51:39 Notice: Notice (8): Trying to get property of non-object in [/var/www/cms.local/controllers/pages_controller.php, line 88]
2011-11-06 16:52:18 Notice: Notice (8): Undefined property: AuthComponent::$User in [/var/www/cms.local/controllers/pages_controller.php, line 88]
2011-11-06 16:52:18 Notice: Notice (8): Trying to get property of non-object in [/var/www/cms.local/controllers/pages_controller.php, line 88]
2011-11-06 16:52:18 Notice: Notice (8): Undefined property: AuthComponent::$User in [/var/www/cms.local/controllers/pages_controller.php, line 88]
2011-11-06 16:52:18 Notice: Notice (8): Trying to get property of non-object in [/var/www/cms.local/controllers/pages_controller.php, line 88]
2011-11-06 16:52:18 Notice: Notice (8): Undefined property: AuthComponent::$User in [/var/www/cms.local/controllers/pages_controller.php, line 88]
2011-11-06 16:52:18 Notice: Notice (8): Trying to get property of non-object in [/var/www/cms.local/controllers/pages_controller.php, line 88]
2011-11-06 16:52:18 Notice: Notice (8): Undefined property: AuthComponent::$User in [/var/www/cms.local/controllers/pages_controller.php, line 88]
2011-11-06 16:52:18 Notice: Notice (8): Trying to get property of non-object in [/var/www/cms.local/controllers/pages_controller.php, line 88]
2011-11-06 16:52:18 Notice: Notice (8): Undefined property: AuthComponent::$User in [/var/www/cms.local/controllers/pages_controller.php, line 88]
2011-11-06 16:52:18 Notice: Notice (8): Trying to get property of non-object in [/var/www/cms.local/controllers/pages_controller.php, line 88]
2011-11-06 16:52:19 Notice: Notice (8): Undefined property: AuthComponent::$User in [/var/www/cms.local/controllers/pages_controller.php, line 88]
2011-11-06 16:52:19 Notice: Notice (8): Trying to get property of non-object in [/var/www/cms.local/controllers/pages_controller.php, line 88]
2011-11-06 16:52:19 Notice: Notice (8): Undefined property: AuthComponent::$User in [/var/www/cms.local/controllers/pages_controller.php, line 88]
2011-11-06 16:52:19 Notice: Notice (8): Trying to get property of non-object in [/var/www/cms.local/controllers/pages_controller.php, line 88]
2011-11-06 16:52:19 Notice: Notice (8): Undefined property: AuthComponent::$User in [/var/www/cms.local/controllers/pages_controller.php, line 88]
2011-11-06 16:52:19 Notice: Notice (8): Trying to get property of non-object in [/var/www/cms.local/controllers/pages_controller.php, line 88]
2011-11-06 16:52:19 Notice: Notice (8): Undefined property: AuthComponent::$User in [/var/www/cms.local/controllers/pages_controller.php, line 88]
2011-11-06 16:52:19 Notice: Notice (8): Trying to get property of non-object in [/var/www/cms.local/controllers/pages_controller.php, line 88]
2011-11-06 16:52:19 Notice: Notice (8): Undefined property: AuthComponent::$User in [/var/www/cms.local/controllers/pages_controller.php, line 88]
2011-11-06 16:52:19 Notice: Notice (8): Trying to get property of non-object in [/var/www/cms.local/controllers/pages_controller.php, line 88]
2011-11-06 16:52:19 Notice: Notice (8): Undefined property: AuthComponent::$User in [/var/www/cms.local/controllers/pages_controller.php, line 88]
2011-11-06 16:52:19 Notice: Notice (8): Trying to get property of non-object in [/var/www/cms.local/controllers/pages_controller.php, line 88]
2011-11-06 16:52:31 Notice: Notice (8): Undefined property: AuthComponent::$User in [/var/www/cms.local/controllers/pages_controller.php, line 88]
2011-11-06 16:52:31 Notice: Notice (8): Trying to get property of non-object in [/var/www/cms.local/controllers/pages_controller.php, line 88]
2011-11-06 16:52:31 Notice: Notice (8): Undefined property: AuthComponent::$User in [/var/www/cms.local/controllers/pages_controller.php, line 88]
2011-11-06 16:52:31 Notice: Notice (8): Trying to get property of non-object in [/var/www/cms.local/controllers/pages_controller.php, line 88]
2011-11-06 16:52:31 Notice: Notice (8): Undefined property: AuthComponent::$User in [/var/www/cms.local/controllers/pages_controller.php, line 88]
2011-11-06 16:52:31 Notice: Notice (8): Trying to get property of non-object in [/var/www/cms.local/controllers/pages_controller.php, line 88]
2011-11-06 16:52:32 Notice: Notice (8): Undefined property: AuthComponent::$User in [/var/www/cms.local/controllers/pages_controller.php, line 88]
2011-11-06 16:52:32 Notice: Notice (8): Trying to get property of non-object in [/var/www/cms.local/controllers/pages_controller.php, line 88]
2011-11-06 16:52:32 Notice: Notice (8): Undefined property: AuthComponent::$User in [/var/www/cms.local/controllers/pages_controller.php, line 88]
2011-11-06 16:52:32 Notice: Notice (8): Trying to get property of non-object in [/var/www/cms.local/controllers/pages_controller.php, line 88]
2011-11-06 16:52:32 Notice: Notice (8): Undefined property: AuthComponent::$User in [/var/www/cms.local/controllers/pages_controller.php, line 88]
2011-11-06 16:52:32 Notice: Notice (8): Trying to get property of non-object in [/var/www/cms.local/controllers/pages_controller.php, line 88]
2011-11-06 16:52:32 Notice: Notice (8): Undefined property: AuthComponent::$User in [/var/www/cms.local/controllers/pages_controller.php, line 88]
2011-11-06 16:52:32 Notice: Notice (8): Trying to get property of non-object in [/var/www/cms.local/controllers/pages_controller.php, line 88]
2011-11-06 16:52:32 Notice: Notice (8): Undefined property: AuthComponent::$User in [/var/www/cms.local/controllers/pages_controller.php, line 88]
2011-11-06 16:52:32 Notice: Notice (8): Trying to get property of non-object in [/var/www/cms.local/controllers/pages_controller.php, line 88]
2011-11-06 16:52:32 Notice: Notice (8): Undefined property: AuthComponent::$User in [/var/www/cms.local/controllers/pages_controller.php, line 88]
2011-11-06 16:52:32 Notice: Notice (8): Trying to get property of non-object in [/var/www/cms.local/controllers/pages_controller.php, line 88]
2011-11-06 16:52:32 Notice: Notice (8): Undefined property: AuthComponent::$User in [/var/www/cms.local/controllers/pages_controller.php, line 88]
2011-11-06 16:52:32 Notice: Notice (8): Trying to get property of non-object in [/var/www/cms.local/controllers/pages_controller.php, line 88]
2011-11-06 16:53:28 Notice: Notice (8): Undefined property: AuthComponent::$User in [/var/www/cms.local/controllers/pages_controller.php, line 88]
2011-11-06 16:53:28 Notice: Notice (8): Trying to get property of non-object in [/var/www/cms.local/controllers/pages_controller.php, line 88]
2011-11-06 16:53:28 Notice: Notice (8): Undefined property: AuthComponent::$User in [/var/www/cms.local/controllers/pages_controller.php, line 88]
2011-11-06 16:53:28 Notice: Notice (8): Trying to get property of non-object in [/var/www/cms.local/controllers/pages_controller.php, line 88]
2011-11-06 16:53:29 Notice: Notice (8): Undefined property: AuthComponent::$User in [/var/www/cms.local/controllers/pages_controller.php, line 88]
2011-11-06 16:53:29 Notice: Notice (8): Trying to get property of non-object in [/var/www/cms.local/controllers/pages_controller.php, line 88]
2011-11-06 16:53:29 Notice: Notice (8): Undefined property: AuthComponent::$User in [/var/www/cms.local/controllers/pages_controller.php, line 88]
2011-11-06 16:53:29 Notice: Notice (8): Trying to get property of non-object in [/var/www/cms.local/controllers/pages_controller.php, line 88]
2011-11-06 16:53:29 Notice: Notice (8): Undefined property: AuthComponent::$User in [/var/www/cms.local/controllers/pages_controller.php, line 88]
2011-11-06 16:53:29 Notice: Notice (8): Trying to get property of non-object in [/var/www/cms.local/controllers/pages_controller.php, line 88]
2011-11-06 16:53:29 Notice: Notice (8): Undefined property: AuthComponent::$User in [/var/www/cms.local/controllers/pages_controller.php, line 88]
2011-11-06 16:53:29 Notice: Notice (8): Trying to get property of non-object in [/var/www/cms.local/controllers/pages_controller.php, line 88]
2011-11-06 16:53:29 Notice: Notice (8): Undefined property: AuthComponent::$User in [/var/www/cms.local/controllers/pages_controller.php, line 88]
2011-11-06 16:53:29 Notice: Notice (8): Trying to get property of non-object in [/var/www/cms.local/controllers/pages_controller.php, line 88]
2011-11-06 16:53:29 Notice: Notice (8): Undefined property: AuthComponent::$User in [/var/www/cms.local/controllers/pages_controller.php, line 88]
2011-11-06 16:53:29 Notice: Notice (8): Trying to get property of non-object in [/var/www/cms.local/controllers/pages_controller.php, line 88]
2011-11-06 16:53:29 Notice: Notice (8): Undefined property: AuthComponent::$User in [/var/www/cms.local/controllers/pages_controller.php, line 88]
2011-11-06 16:53:29 Notice: Notice (8): Trying to get property of non-object in [/var/www/cms.local/controllers/pages_controller.php, line 88]
2011-11-06 16:53:29 Notice: Notice (8): Undefined property: AuthComponent::$User in [/var/www/cms.local/controllers/pages_controller.php, line 88]
2011-11-06 16:53:29 Notice: Notice (8): Trying to get property of non-object in [/var/www/cms.local/controllers/pages_controller.php, line 88]
2011-11-06 16:53:41 Notice: Notice (8): Undefined property: AuthComponent::$User in [/var/www/cms.local/controllers/pages_controller.php, line 88]
2011-11-06 16:53:41 Notice: Notice (8): Trying to get property of non-object in [/var/www/cms.local/controllers/pages_controller.php, line 88]
2011-11-06 16:53:41 Notice: Notice (8): Undefined property: AuthComponent::$User in [/var/www/cms.local/controllers/pages_controller.php, line 88]
2011-11-06 16:53:41 Notice: Notice (8): Trying to get property of non-object in [/var/www/cms.local/controllers/pages_controller.php, line 88]
2011-11-06 16:53:41 Notice: Notice (8): Undefined property: AuthComponent::$User in [/var/www/cms.local/controllers/pages_controller.php, line 88]
2011-11-06 16:53:41 Notice: Notice (8): Trying to get property of non-object in [/var/www/cms.local/controllers/pages_controller.php, line 88]
2011-11-06 16:53:41 Notice: Notice (8): Undefined property: AuthComponent::$User in [/var/www/cms.local/controllers/pages_controller.php, line 88]
2011-11-06 16:53:41 Notice: Notice (8): Trying to get property of non-object in [/var/www/cms.local/controllers/pages_controller.php, line 88]
2011-11-06 16:53:41 Notice: Notice (8): Undefined property: AuthComponent::$User in [/var/www/cms.local/controllers/pages_controller.php, line 88]
2011-11-06 16:53:41 Notice: Notice (8): Trying to get property of non-object in [/var/www/cms.local/controllers/pages_controller.php, line 88]
2011-11-06 16:53:41 Notice: Notice (8): Undefined property: AuthComponent::$User in [/var/www/cms.local/controllers/pages_controller.php, line 88]
2011-11-06 16:53:41 Notice: Notice (8): Trying to get property of non-object in [/var/www/cms.local/controllers/pages_controller.php, line 88]
2011-11-06 16:53:41 Notice: Notice (8): Undefined property: AuthComponent::$User in [/var/www/cms.local/controllers/pages_controller.php, line 88]
2011-11-06 16:53:41 Notice: Notice (8): Trying to get property of non-object in [/var/www/cms.local/controllers/pages_controller.php, line 88]
2011-11-06 16:53:41 Notice: Notice (8): Undefined property: AuthComponent::$User in [/var/www/cms.local/controllers/pages_controller.php, line 88]
2011-11-06 16:53:41 Notice: Notice (8): Trying to get property of non-object in [/var/www/cms.local/controllers/pages_controller.php, line 88]
2011-11-06 16:53:42 Notice: Notice (8): Undefined property: AuthComponent::$User in [/var/www/cms.local/controllers/pages_controller.php, line 88]
2011-11-06 16:53:42 Notice: Notice (8): Trying to get property of non-object in [/var/www/cms.local/controllers/pages_controller.php, line 88]
2011-11-06 16:53:42 Notice: Notice (8): Undefined property: AuthComponent::$User in [/var/www/cms.local/controllers/pages_controller.php, line 88]
2011-11-06 16:53:42 Notice: Notice (8): Trying to get property of non-object in [/var/www/cms.local/controllers/pages_controller.php, line 88]
2011-11-06 16:54:16 Notice: Notice (8): Undefined property: AuthComponent::$User in [/var/www/cms.local/controllers/pages_controller.php, line 88]
2011-11-06 16:54:16 Notice: Notice (8): Trying to get property of non-object in [/var/www/cms.local/controllers/pages_controller.php, line 88]
2011-11-06 16:54:28 Notice: Notice (8): Undefined property: AuthComponent::$User in [/var/www/cms.local/controllers/pages_controller.php, line 88]
2011-11-06 16:54:28 Notice: Notice (8): Trying to get property of non-object in [/var/www/cms.local/controllers/pages_controller.php, line 88]
2011-11-06 16:54:36 Notice: Notice (8): Undefined property: AuthComponent::$User in [/var/www/cms.local/controllers/pages_controller.php, line 88]
2011-11-06 16:54:36 Notice: Notice (8): Trying to get property of non-object in [/var/www/cms.local/controllers/pages_controller.php, line 88]
2011-11-06 16:55:59 Notice: Notice (8): Undefined property: AuthComponent::$user in [/var/www/cms.local/controllers/users_controller.php, line 80]
2011-11-06 16:55:59 Notice: Notice (8): Trying to get property of non-object in [/var/www/cms.local/controllers/users_controller.php, line 80]
2011-11-06 16:56:24 Notice: Notice (8): Undefined property: AuthComponent::$user in [/var/www/cms.local/controllers/users_controller.php, line 80]
2011-11-06 16:56:24 Notice: Notice (8): Trying to get property of non-object in [/var/www/cms.local/controllers/users_controller.php, line 80]
2011-11-06 16:57:07 Notice: Notice (8): Undefined property: AuthComponent::$user in [/var/www/cms.local/controllers/users_controller.php, line 80]
2011-11-06 16:57:07 Notice: Notice (8): Trying to get property of non-object in [/var/www/cms.local/controllers/users_controller.php, line 80]
2011-11-06 16:57:13 Notice: Notice (8): Undefined property: AuthComponent::$user in [/var/www/cms.local/controllers/users_controller.php, line 80]
2011-11-06 16:57:13 Notice: Notice (8): Trying to get property of non-object in [/var/www/cms.local/controllers/users_controller.php, line 80]
2011-11-06 16:57:14 Notice: Notice (8): Undefined property: AuthComponent::$user in [/var/www/cms.local/controllers/users_controller.php, line 80]
2011-11-06 16:57:14 Notice: Notice (8): Trying to get property of non-object in [/var/www/cms.local/controllers/users_controller.php, line 80]
2011-11-06 16:59:32 Notice: Notice (8): Undefined property: UsersController::$user in [/var/www/cms.local/controllers/users_controller.php, line 8]
2011-11-06 16:59:35 Notice: Notice (8): Undefined property: UsersController::$user in [/var/www/cms.local/controllers/users_controller.php, line 8]
2011-11-06 16:59:50 Notice: Notice (8): Undefined property: UsersController::$user in [/var/www/cms.local/controllers/users_controller.php, line 8]
2011-11-06 17:00:52 Notice: Notice (8): Undefined property: UsersController::$user in [/var/www/cms.local/controllers/users_controller.php, line 8]
2011-11-06 17:01:41 Notice: Notice (8): Undefined property: UsersController::$user in [/var/www/cms.local/controllers/users_controller.php, line 8]
2011-11-06 17:12:52 Notice: Notice (8): Undefined property: AuthComponent::$user in [/var/www/cms.local/controllers/pages_controller.php, line 87]
2011-11-06 17:12:52 Notice: Notice (8): Trying to get property of non-object in [/var/www/cms.local/controllers/pages_controller.php, line 87]
2011-11-06 17:12:58 Notice: Notice (8): Undefined property: AuthComponent::$user in [/var/www/cms.local/controllers/pages_controller.php, line 87]
2011-11-06 17:12:58 Notice: Notice (8): Trying to get property of non-object in [/var/www/cms.local/controllers/pages_controller.php, line 87]
2011-11-06 17:13:29 Notice: Notice (8): Undefined property: AuthComponent::$user in [/var/www/cms.local/controllers/pages_controller.php, line 87]
2011-11-06 17:13:29 Notice: Notice (8): Trying to get property of non-object in [/var/www/cms.local/controllers/pages_controller.php, line 87]
2011-11-06 17:14:02 Notice: Notice (8): Undefined property: AuthComponent::$user in [/var/www/cms.local/controllers/pages_controller.php, line 87]
2011-11-06 17:14:02 Notice: Notice (8): Trying to get property of non-object in [/var/www/cms.local/controllers/pages_controller.php, line 87]
2011-11-06 17:14:13 Notice: Notice (8): Undefined property: AuthComponent::$user in [/var/www/cms.local/controllers/pages_controller.php, line 87]
2011-11-06 17:14:13 Notice: Notice (8): Trying to get property of non-object in [/var/www/cms.local/controllers/pages_controller.php, line 87]
2011-11-06 17:30:03 Notice: Notice (8): Undefined property: AuthComponent::$User in [/var/www/cms.local/controllers/pages_controller.php, line 87]
2011-11-06 17:30:15 Notice: Notice (8): Undefined property: AuthComponent::$User in [/var/www/cms.local/controllers/pages_controller.php, line 87]
2011-11-06 17:30:15 Notice: Notice (8): Undefined property: AuthComponent::$User in [/var/www/cms.local/controllers/pages_controller.php, line 87]
2011-11-06 17:30:16 Notice: Notice (8): Undefined property: AuthComponent::$User in [/var/www/cms.local/controllers/pages_controller.php, line 87]
2011-11-06 17:30:16 Notice: Notice (8): Undefined property: AuthComponent::$User in [/var/www/cms.local/controllers/pages_controller.php, line 87]
2011-11-06 17:30:16 Notice: Notice (8): Undefined property: AuthComponent::$User in [/var/www/cms.local/controllers/pages_controller.php, line 87]
2011-11-06 17:30:16 Notice: Notice (8): Undefined property: AuthComponent::$User in [/var/www/cms.local/controllers/pages_controller.php, line 87]
2011-11-06 17:30:17 Notice: Notice (8): Undefined property: AuthComponent::$User in [/var/www/cms.local/controllers/pages_controller.php, line 87]
2011-11-06 17:30:17 Notice: Notice (8): Undefined property: AuthComponent::$User in [/var/www/cms.local/controllers/pages_controller.php, line 87]
2011-11-06 17:30:17 Notice: Notice (8): Undefined property: AuthComponent::$User in [/var/www/cms.local/controllers/pages_controller.php, line 87]
2011-11-06 17:30:18 Notice: Notice (8): Undefined property: AuthComponent::$User in [/var/www/cms.local/controllers/pages_controller.php, line 87]
2011-11-06 17:30:18 Notice: Notice (8): Undefined property: AuthComponent::$User in [/var/www/cms.local/controllers/pages_controller.php, line 87]
2011-11-06 17:36:56 Notice: Notice (8): Undefined property: UsersController::$Facebook in [/var/www/cms.local/controllers/users_controller.php, line 15]
2011-11-06 17:43:02 Notice: Notice (8): Undefined property: UsersController::$Facebook in [/var/www/cms.local/controllers/users_controller.php, line 87]
2011-11-06 17:44:27 Notice: Notice (8): Undefined property: UsersController::$Facebook in [/var/www/cms.local/controllers/users_controller.php, line 87]
2011-11-06 17:44:53 Notice: Notice (8): Undefined property: UsersController::$Facebook in [/var/www/cms.local/controllers/users_controller.php, line 87]
2011-11-06 17:45:26 Notice: Notice (8): Undefined variable: facebook_user in [/var/www/cms.local/controllers/users_controller.php, line 87]
2011-11-06 17:45:46 Notice: Notice (8): Undefined property: UsersController::$facebook_user in [/var/www/cms.local/controllers/users_controller.php, line 87]
2011-11-06 18:46:19 Notice: Notice (8): Undefined property: View::$Facebook in [/var/www/cms.local/views/layouts/default.ctp, line 2]
2011-11-06 18:46:34 Notice: Notice (8): Undefined property: View::$Facebook in [/var/www/cms.local/views/layouts/default.ctp, line 2]
2011-11-06 18:46:42 Notice: Notice (8): Undefined variable: javascript in [/var/www/cms.local/views/layouts/admin.ctp, line 12]
2011-11-06 19:34:25 Notice: Notice (8): Undefined property: SiteSeosController::$SitePagesSeo in [/var/www/cms.local/controllers/site_seos_controller.php, line 29]
2011-11-06 19:34:25 Notice: Notice (8): Trying to get property of non-object in [/var/www/cms.local/controllers/site_seos_controller.php, line 29]
2011-11-06 19:40:18 Notice: Notice (8): Undefined property: View::$Facebook in [/var/www/cms.local/views/layouts/default.ctp, line 2]
2011-11-06 19:42:25 Notice: Notice (8): Undefined property: View::$Facebook in [/var/www/cms.local/views/layouts/default.ctp, line 2]
2011-11-06 19:42:26 Notice: Notice (8): Undefined property: View::$Facebook in [/var/www/cms.local/views/layouts/default.ctp, line 2]
2011-11-06 19:49:51 Notice: Notice (8): Undefined property: View::$Facebook in [/var/www/cms.local/views/layouts/default.ctp, line 2]
2011-11-06 19:50:00 Notice: Notice (8): Undefined property: View::$Facebook in [/var/www/cms.local/views/layouts/default.ctp, line 2]
2011-11-06 19:51:31 Notice: Notice (8): Undefined property: View::$Facebook in [/var/www/cms.local/views/layouts/default.ctp, line 2]
2011-11-06 19:52:04 Notice: Notice (8): Undefined property: View::$Facebook in [/var/www/cms.local/views/layouts/default.ctp, line 2]
2011-11-06 19:52:28 Notice: Notice (8): Undefined property: View::$Facebook in [/var/www/cms.local/views/layouts/default.ctp, line 2]
2011-11-06 19:52:29 Notice: Notice (8): Undefined property: View::$Facebook in [/var/www/cms.local/views/layouts/default.ctp, line 2]
2011-11-06 19:53:09 Notice: Notice (8): Undefined property: View::$Facebook in [/var/www/cms.local/views/layouts/default.ctp, line 2]
2011-11-06 19:53:22 Notice: Notice (8): Undefined property: View::$Facebook in [/var/www/cms.local/views/layouts/default.ctp, line 32]
2011-11-06 19:53:22 Notice: Notice (8): Undefined property: View::$Facebook in [/var/www/cms.local/views/layouts/default.ctp, line 32]
2011-11-06 19:53:22 Notice: Notice (8): Undefined property: View::$Facebook in [/var/www/cms.local/views/layouts/default.ctp, line 32]
2011-11-06 20:23:44 Notice: Notice (8): Undefined variable: path in [/var/www/cakephp/cake/libs/view/helpers/html.php, line 338]
2011-11-06 20:23:44 Notice: Notice (8): Undefined variable: path in [/var/www/cakephp/cake/libs/view/helpers/html.php, line 349]
2011-11-06 20:23:44 Notice: Notice (8): Undefined variable: path in [/var/www/cakephp/cake/libs/view/helpers/html.php, line 352]
2011-11-06 20:23:44 Notice: Notice (8): Undefined variable: path in [/var/www/cakephp/cake/libs/view/helpers/html.php, line 353]
2011-11-06 20:23:48 Notice: Notice (8): Undefined variable: path in [/var/www/cakephp/cake/libs/view/helpers/html.php, line 338]
2011-11-06 20:23:48 Notice: Notice (8): Undefined variable: path in [/var/www/cakephp/cake/libs/view/helpers/html.php, line 349]
2011-11-06 20:23:48 Notice: Notice (8): Undefined variable: path in [/var/www/cakephp/cake/libs/view/helpers/html.php, line 352]
2011-11-06 20:23:48 Notice: Notice (8): Undefined variable: path in [/var/www/cakephp/cake/libs/view/helpers/html.php, line 353]
2011-11-06 23:58:26 Notice: Notice (8): Undefined variable: html in [/var/www/cms.local/plugins/wijmo-open/views/helpers/wijmo.php, line 9]
2011-11-07 00:05:38 Notice: Notice (8): Uninitialized string offset: 0 in [/var/www/cakephp/cake/libs/view/helpers/html.php, line 352]
2011-11-07 00:05:38 Notice: Notice (8): Uninitialized string offset: 0 in [/var/www/cakephp/cake/libs/view/helpers/html.php, line 352]
2011-11-07 00:05:38 Notice: Notice (8): Uninitialized string offset: 0 in [/var/www/cakephp/cake/libs/view/helpers/html.php, line 352]
