2011-11-05 15:31:32 Warning: Warning (2): fopen(/var/www/cms.local/controllers/users_controller.php) [http://php.net/function.fopen]: failed to open stream: Permission denied in [/var/www/cakephp/cake/libs/file.php, line 152]
2011-11-05 15:54:03 Warning: Warning (2): fopen(/var/www/cms.local/views/users/admin_add.ctp) [http://php.net/function.fopen]: failed to open stream: Permission denied in [/var/www/cakephp/cake/libs/file.php, line 152]
2011-11-05 15:56:12 Warning: Warning (2): fopen(/var/www/cms.local/controllers/users_controller.php) [http://php.net/function.fopen]: failed to open stream: Permission denied in [/var/www/cakephp/cake/libs/file.php, line 152]
2011-11-06 11:54:57 Warning: Warning (512): Method FacebookHelper::Comment does not exist in [/var/www/cakephp/cake/libs/view/helper.php, line 154]
2011-11-06 12:04:01 Warning: Warning (512): Method FacebookHelper::Comment does not exist in [/var/www/cakephp/cake/libs/view/helper.php, line 154]
2011-11-06 12:04:02 Warning: Warning (512): Method FacebookHelper::Comment does not exist in [/var/www/cakephp/cake/libs/view/helper.php, line 154]
2011-11-06 15:27:04 Warning: Warning (512): Cache not configured properly. Please check Cache::config(); in APP/config/core.php in [/var/www/cakephp/cake/libs/configure.php, line 408]
2011-11-06 19:23:55 Warning: Warning (512): <span style="color:Red;text-align:left"><b>SQL Error:</b> 1066: Not unique table/alias: 'SitePagesSeo'</span> in [/var/www/cakephp/cake/libs/model/datasources/dbo_source.php, line 684]
2011-11-06 19:23:55 Warning: Warning (512): <span style="color:Red;text-align:left"><b>SQL Error:</b> 1066: Not unique table/alias: 'SitePagesSeo'</span> in [/var/www/cakephp/cake/libs/model/datasources/dbo_source.php, line 684]
2011-11-06 19:24:58 Warning: Warning (512): <span style="color:Red;text-align:left"><b>SQL Error:</b> 1066: Not unique table/alias: 'SitePagesSeo'</span> in [/var/www/cakephp/cake/libs/model/datasources/dbo_source.php, line 684]
2011-11-06 19:30:16 Warning: Warning (512): <span style="color:Red;text-align:left"><b>SQL Error:</b> 1066: Not unique table/alias: 'SitePagesSeo'</span> in [/var/www/cakephp/cake/libs/model/datasources/dbo_source.php, line 684]
2011-11-06 19:30:40 Warning: Warning (512): <span style="color:Red;text-align:left"><b>SQL Error:</b> 1066: Not unique table/alias: 'SitePagesSeo'</span> in [/var/www/cakephp/cake/libs/model/datasources/dbo_source.php, line 684]
2011-11-06 19:30:46 Warning: Warning (512): <span style="color:Red;text-align:left"><b>SQL Error:</b> 1066: Not unique table/alias: 'SitePagesSeo'</span> in [/var/www/cakephp/cake/libs/model/datasources/dbo_source.php, line 684]
2011-11-06 20:23:44 Warning: Warning (2): Missing argument 1 for HtmlHelper::css(), called in /var/www/cms.local/views/layouts/admin.ctp on line 16 and defined in [/var/www/cakephp/cake/libs/view/helpers/html.php, line 336]
2011-11-06 20:23:48 Warning: Warning (2): Missing argument 1 for HtmlHelper::css(), called in /var/www/cms.local/views/layouts/admin.ctp on line 16 and defined in [/var/www/cakephp/cake/libs/view/helpers/html.php, line 336]
2011-11-07 18:22:22 Warning: Warning (2): Attempt to assign property of non-object in [/var/www/cms.local/controllers/site_pages_controller.php, line 24]
2011-11-07 18:23:38 Warning: Warning (2): Invalid argument supplied for foreach() in [/var/www/cakephp/cake/libs/view/helpers/html.php, line 688]
2011-11-07 18:23:38 Warning: Warning (2): end() expects parameter 1 to be array, null given in [/var/www/cms.local/plugins/debug_kit/views/elements/timer_panel.ctp, line 60]
2011-11-07 18:23:38 Warning: Warning (2): array_values() expects parameter 1 to be array, null given in [/var/www/cms.local/plugins/debug_kit/views/elements/timer_panel.ctp, line 70]
2011-11-07 18:23:38 Warning: Warning (2): Invalid argument supplied for foreach() in [/var/www/cms.local/plugins/debug_kit/views/elements/timer_panel.ctp, line 72]
2011-11-07 18:23:41 Warning: Warning (2): Invalid argument supplied for foreach() in [/var/www/cakephp/cake/libs/view/helpers/html.php, line 688]
2011-11-07 18:23:41 Warning: Warning (2): end() expects parameter 1 to be array, null given in [/var/www/cms.local/plugins/debug_kit/views/elements/timer_panel.ctp, line 60]
2011-11-07 18:23:41 Warning: Warning (2): array_values() expects parameter 1 to be array, null given in [/var/www/cms.local/plugins/debug_kit/views/elements/timer_panel.ctp, line 70]
2011-11-07 18:23:41 Warning: Warning (2): Invalid argument supplied for foreach() in [/var/www/cms.local/plugins/debug_kit/views/elements/timer_panel.ctp, line 72]
2011-11-07 18:23:45 Warning: Warning (2): Invalid argument supplied for foreach() in [/var/www/cakephp/cake/libs/view/helpers/html.php, line 688]
2011-11-07 18:23:45 Warning: Warning (2): end() expects parameter 1 to be array, null given in [/var/www/cms.local/plugins/debug_kit/views/elements/timer_panel.ctp, line 60]
2011-11-07 18:23:45 Warning: Warning (2): array_values() expects parameter 1 to be array, null given in [/var/www/cms.local/plugins/debug_kit/views/elements/timer_panel.ctp, line 70]
2011-11-07 18:23:45 Warning: Warning (2): Invalid argument supplied for foreach() in [/var/www/cms.local/plugins/debug_kit/views/elements/timer_panel.ctp, line 72]
2011-11-07 18:25:57 Warning: Warning (2): Invalid argument supplied for foreach() in [/var/www/cakephp/cake/libs/view/helpers/html.php, line 688]
2011-11-07 18:25:57 Warning: Warning (2): end() expects parameter 1 to be array, null given in [/var/www/cms.local/plugins/debug_kit/views/elements/timer_panel.ctp, line 60]
2011-11-07 18:25:57 Warning: Warning (2): array_values() expects parameter 1 to be array, null given in [/var/www/cms.local/plugins/debug_kit/views/elements/timer_panel.ctp, line 70]
2011-11-07 18:25:57 Warning: Warning (2): Invalid argument supplied for foreach() in [/var/www/cms.local/plugins/debug_kit/views/elements/timer_panel.ctp, line 72]
2011-11-07 18:26:27 Warning: Warning (2): Attempt to modify property of non-object in [/var/www/cms.local/controllers/site_pages_controller.php, line 24]
2011-11-07 18:26:31 Warning: Warning (2): Invalid argument supplied for foreach() in [/var/www/cakephp/cake/libs/view/helpers/html.php, line 688]
2011-11-07 18:26:31 Warning: Warning (2): end() expects parameter 1 to be array, null given in [/var/www/cms.local/plugins/debug_kit/views/elements/timer_panel.ctp, line 60]
2011-11-07 18:26:31 Warning: Warning (2): array_values() expects parameter 1 to be array, null given in [/var/www/cms.local/plugins/debug_kit/views/elements/timer_panel.ctp, line 70]
2011-11-07 18:26:31 Warning: Warning (2): Invalid argument supplied for foreach() in [/var/www/cms.local/plugins/debug_kit/views/elements/timer_panel.ctp, line 72]
2011-11-07 18:58:02 Warning: Warning (2): Invalid argument supplied for foreach() in [/var/www/cakephp/cake/libs/view/helpers/html.php, line 688]
2011-11-07 18:58:02 Warning: Warning (2): end() expects parameter 1 to be array, null given in [/var/www/cms.local/plugins/debug_kit/views/elements/timer_panel.ctp, line 60]
2011-11-07 18:58:02 Warning: Warning (2): array_values() expects parameter 1 to be array, null given in [/var/www/cms.local/plugins/debug_kit/views/elements/timer_panel.ctp, line 70]
2011-11-07 18:58:02 Warning: Warning (2): Invalid argument supplied for foreach() in [/var/www/cms.local/plugins/debug_kit/views/elements/timer_panel.ctp, line 72]
2011-11-07 18:58:45 Warning: Warning (2): Invalid argument supplied for foreach() in [/var/www/cakephp/cake/libs/view/helpers/html.php, line 688]
2011-11-07 18:58:45 Warning: Warning (2): end() expects parameter 1 to be array, null given in [/var/www/cms.local/plugins/debug_kit/views/elements/timer_panel.ctp, line 60]
2011-11-07 18:58:45 Warning: Warning (2): array_values() expects parameter 1 to be array, null given in [/var/www/cms.local/plugins/debug_kit/views/elements/timer_panel.ctp, line 70]
2011-11-07 18:58:45 Warning: Warning (2): Invalid argument supplied for foreach() in [/var/www/cms.local/plugins/debug_kit/views/elements/timer_panel.ctp, line 72]
2011-11-07 18:59:21 Warning: Warning (2): Invalid argument supplied for foreach() in [/var/www/cakephp/cake/libs/view/helpers/html.php, line 688]
2011-11-07 18:59:21 Warning: Warning (2): end() expects parameter 1 to be array, null given in [/var/www/cms.local/plugins/debug_kit/views/elements/timer_panel.ctp, line 60]
2011-11-07 18:59:21 Warning: Warning (2): array_values() expects parameter 1 to be array, null given in [/var/www/cms.local/plugins/debug_kit/views/elements/timer_panel.ctp, line 70]
2011-11-07 18:59:21 Warning: Warning (2): Invalid argument supplied for foreach() in [/var/www/cms.local/plugins/debug_kit/views/elements/timer_panel.ctp, line 72]
2011-11-07 19:00:43 Warning: Warning (2): Invalid argument supplied for foreach() in [/var/www/cakephp/cake/libs/view/helpers/html.php, line 688]
2011-11-07 19:00:43 Warning: Warning (2): end() expects parameter 1 to be array, null given in [/var/www/cms.local/plugins/debug_kit/views/elements/timer_panel.ctp, line 60]
2011-11-07 19:00:43 Warning: Warning (2): array_values() expects parameter 1 to be array, null given in [/var/www/cms.local/plugins/debug_kit/views/elements/timer_panel.ctp, line 70]
2011-11-07 19:00:43 Warning: Warning (2): Invalid argument supplied for foreach() in [/var/www/cms.local/plugins/debug_kit/views/elements/timer_panel.ctp, line 72]
2011-11-07 19:01:41 Warning: Warning (2): Invalid argument supplied for foreach() in [/var/www/cakephp/cake/libs/view/helpers/html.php, line 688]
2011-11-07 19:01:41 Warning: Warning (2): end() expects parameter 1 to be array, null given in [/var/www/cms.local/plugins/debug_kit/views/elements/timer_panel.ctp, line 60]
2011-11-07 19:01:41 Warning: Warning (2): array_values() expects parameter 1 to be array, null given in [/var/www/cms.local/plugins/debug_kit/views/elements/timer_panel.ctp, line 70]
2011-11-07 19:01:41 Warning: Warning (2): Invalid argument supplied for foreach() in [/var/www/cms.local/plugins/debug_kit/views/elements/timer_panel.ctp, line 72]
2012-02-11 18:31:08 Warning: Warning (2): fopen(/var/www/cms.local/tmp/cache/persistent/cake_core_debug_kit_en-us) [http://php.net/function.fopen]: failed to open stream: Permission denied in [/var/www/cakephp/cake/libs/cache/file.php, line 142]
2012-02-11 18:31:08 Warning: Warning (2): fopen(/var/www/cms.local/tmp/cache/persistent/cake_core_default_en-us) [http://php.net/function.fopen]: failed to open stream: Permission denied in [/var/www/cakephp/cake/libs/cache/file.php, line 142]
2012-02-11 18:31:08 Warning: Warning (2): fopen(/var/www/cms.local/tmp/cache/persistent/cake_core_dir_map) [http://php.net/function.fopen]: failed to open stream: Permission denied in [/var/www/cakephp/cake/libs/cache/file.php, line 142]
2012-02-11 18:31:08 Warning: Warning (2): fopen(/var/www/cms.local/tmp/cache/persistent/cake_core_file_map) [http://php.net/function.fopen]: failed to open stream: Permission denied in [/var/www/cakephp/cake/libs/cache/file.php, line 142]
2012-02-11 18:31:08 Warning: Warning (2): fopen(/var/www/cms.local/tmp/cache/persistent/cake_core_object_map) [http://php.net/function.fopen]: failed to open stream: Permission denied in [/var/www/cakephp/cake/libs/cache/file.php, line 142]
2012-02-11 18:31:08 Warning: Warning (2): fopen(/var/www/cms.local/tmp/cache/persistent/cake_core_dir_map) [http://php.net/function.fopen]: failed to open stream: Permission denied in [/var/www/cakephp/cake/libs/cache/file.php, line 142]
2012-02-11 18:31:08 Warning: Warning (2): fopen(/var/www/cms.local/tmp/cache/persistent/cake_core_file_map) [http://php.net/function.fopen]: failed to open stream: Permission denied in [/var/www/cakephp/cake/libs/cache/file.php, line 142]
2012-02-11 18:31:08 Warning: Warning (2): fopen(/var/www/cms.local/tmp/cache/persistent/cake_core_object_map) [http://php.net/function.fopen]: failed to open stream: Permission denied in [/var/www/cakephp/cake/libs/cache/file.php, line 142]
2012-02-11 18:31:08 Warning: Warning (2): fopen(/var/www/cms.local/tmp/cache/persistent/cake_core_dir_map) [http://php.net/function.fopen]: failed to open stream: Permission denied in [/var/www/cakephp/cake/libs/cache/file.php, line 142]
2012-02-11 18:31:08 Warning: Warning (2): fopen(/var/www/cms.local/tmp/cache/persistent/cake_core_file_map) [http://php.net/function.fopen]: failed to open stream: Permission denied in [/var/www/cakephp/cake/libs/cache/file.php, line 142]
2012-02-11 18:31:08 Warning: Warning (2): fopen(/var/www/cms.local/tmp/cache/persistent/cake_core_object_map) [http://php.net/function.fopen]: failed to open stream: Permission denied in [/var/www/cakephp/cake/libs/cache/file.php, line 142]
2012-02-11 18:31:08 Warning: Warning (2): fopen(/var/www/cms.local/tmp/cache/persistent/cake_core_dir_map) [http://php.net/function.fopen]: failed to open stream: Permission denied in [/var/www/cakephp/cake/libs/cache/file.php, line 142]
2012-02-11 18:31:08 Warning: Warning (2): fopen(/var/www/cms.local/tmp/cache/persistent/cake_core_file_map) [http://php.net/function.fopen]: failed to open stream: Permission denied in [/var/www/cakephp/cake/libs/cache/file.php, line 142]
2012-02-11 18:31:08 Warning: Warning (2): fopen(/var/www/cms.local/tmp/cache/persistent/cake_core_dir_map) [http://php.net/function.fopen]: failed to open stream: Permission denied in [/var/www/cakephp/cake/libs/cache/file.php, line 142]
2012-02-11 18:31:08 Warning: Warning (2): fopen(/var/www/cms.local/tmp/cache/persistent/cake_core_dir_map) [http://php.net/function.fopen]: failed to open stream: Permission denied in [/var/www/cakephp/cake/libs/cache/file.php, line 142]
2012-02-11 18:31:08 Warning: Warning (2): fopen(/var/www/cms.local/tmp/cache/persistent/cake_core_file_map) [http://php.net/function.fopen]: failed to open stream: Permission denied in [/var/www/cakephp/cake/libs/cache/file.php, line 142]
2012-02-11 18:31:08 Warning: Warning (2): fopen(/var/www/cms.local/tmp/cache/persistent/cake_core_object_map) [http://php.net/function.fopen]: failed to open stream: Permission denied in [/var/www/cakephp/cake/libs/cache/file.php, line 142]
2012-02-11 18:31:08 Warning: Warning (2): fopen(/var/www/cms.local/tmp/cache/persistent/cake_core_file_map) [http://php.net/function.fopen]: failed to open stream: Permission denied in [/var/www/cakephp/cake/libs/cache/file.php, line 142]
2012-02-11 18:31:08 Warning: Warning (2): fopen(/var/www/cms.local/tmp/cache/persistent/cake_core_dir_map) [http://php.net/function.fopen]: failed to open stream: Permission denied in [/var/www/cakephp/cake/libs/cache/file.php, line 142]
2012-02-11 18:31:08 Warning: Warning (2): fopen(/var/www/cms.local/tmp/cache/persistent/cake_core_object_map) [http://php.net/function.fopen]: failed to open stream: Permission denied in [/var/www/cakephp/cake/libs/cache/file.php, line 142]
2012-02-11 18:31:08 Warning: Warning (2): fopen(/var/www/cms.local/tmp/cache/persistent/cake_core_file_map) [http://php.net/function.fopen]: failed to open stream: Permission denied in [/var/www/cakephp/cake/libs/cache/file.php, line 142]
2012-02-11 18:31:08 Warning: Warning (2): fopen(/var/www/cms.local/tmp/cache/persistent/cake_core_object_map) [http://php.net/function.fopen]: failed to open stream: Permission denied in [/var/www/cakephp/cake/libs/cache/file.php, line 142]
2012-02-11 18:31:08 Warning: Warning (2): fopen(/var/www/cms.local/tmp/cache/persistent/cake_core_object_map) [http://php.net/function.fopen]: failed to open stream: Permission denied in [/var/www/cakephp/cake/libs/cache/file.php, line 142]
2012-02-11 18:31:15 Warning: Warning (2): fopen(/var/www/cms.local/tmp/cache/persistent/cake_core_debug_kit_en-us) [http://php.net/function.fopen]: failed to open stream: Permission denied in [/var/www/cakephp/cake/libs/cache/file.php, line 142]
2012-02-11 18:31:15 Warning: Warning (2): fopen(/var/www/cms.local/tmp/cache/persistent/cake_core_default_en-us) [http://php.net/function.fopen]: failed to open stream: Permission denied in [/var/www/cakephp/cake/libs/cache/file.php, line 142]
2012-02-11 18:31:15 Warning: Warning (2): Cannot modify header information - headers already sent by (output started at /var/www/cakephp/cake/libs/debugger.php:686) in [/var/www/cakephp/cake/libs/controller/controller.php, line 742]
2012-02-11 18:31:15 Warning: Warning (2): fopen(/var/www/cms.local/tmp/cache/persistent/cake_core_dir_map) [http://php.net/function.fopen]: failed to open stream: Permission denied in [/var/www/cakephp/cake/libs/cache/file.php, line 142]
2012-02-11 18:31:15 Warning: Warning (2): fopen(/var/www/cms.local/tmp/cache/persistent/cake_core_file_map) [http://php.net/function.fopen]: failed to open stream: Permission denied in [/var/www/cakephp/cake/libs/cache/file.php, line 142]
2012-02-11 18:31:15 Warning: Warning (2): fopen(/var/www/cms.local/tmp/cache/persistent/cake_core_object_map) [http://php.net/function.fopen]: failed to open stream: Permission denied in [/var/www/cakephp/cake/libs/cache/file.php, line 142]
2012-02-11 20:20:51 Warning: Warning (2): fopen(/var/www/cms.local/tmp/cache/persistent/cake_core_debug_kit_en-us) [http://php.net/function.fopen]: failed to open stream: Permission denied in [/var/www/cakephp/cake/libs/cache/file.php, line 142]
2012-02-11 20:20:51 Warning: Warning (2): fopen(/var/www/cms.local/tmp/cache/persistent/cake_core_default_en-us) [http://php.net/function.fopen]: failed to open stream: Permission denied in [/var/www/cakephp/cake/libs/cache/file.php, line 142]
2012-02-11 20:20:51 Warning: Warning (2): fopen(/var/www/cms.local/tmp/cache/persistent/cake_core_dir_map) [http://php.net/function.fopen]: failed to open stream: Permission denied in [/var/www/cakephp/cake/libs/cache/file.php, line 142]
2012-02-11 20:20:51 Warning: Warning (2): fopen(/var/www/cms.local/tmp/cache/persistent/cake_core_file_map) [http://php.net/function.fopen]: failed to open stream: Permission denied in [/var/www/cakephp/cake/libs/cache/file.php, line 142]
2012-02-11 20:20:51 Warning: Warning (2): fopen(/var/www/cms.local/tmp/cache/persistent/cake_core_object_map) [http://php.net/function.fopen]: failed to open stream: Permission denied in [/var/www/cakephp/cake/libs/cache/file.php, line 142]
2012-02-11 20:20:52 Warning: Warning (2): fopen(/var/www/cms.local/tmp/cache/persistent/cake_core_dir_map) [http://php.net/function.fopen]: failed to open stream: Permission denied in [/var/www/cakephp/cake/libs/cache/file.php, line 142]
2012-02-11 20:20:52 Warning: Warning (2): fopen(/var/www/cms.local/tmp/cache/persistent/cake_core_file_map) [http://php.net/function.fopen]: failed to open stream: Permission denied in [/var/www/cakephp/cake/libs/cache/file.php, line 142]
2012-02-11 20:20:52 Warning: Warning (2): fopen(/var/www/cms.local/tmp/cache/persistent/cake_core_object_map) [http://php.net/function.fopen]: failed to open stream: Permission denied in [/var/www/cakephp/cake/libs/cache/file.php, line 142]
2012-02-11 20:20:52 Warning: Warning (2): fopen(/var/www/cms.local/tmp/cache/persistent/cake_core_dir_map) [http://php.net/function.fopen]: failed to open stream: Permission denied in [/var/www/cakephp/cake/libs/cache/file.php, line 142]
2012-02-11 20:20:52 Warning: Warning (2): fopen(/var/www/cms.local/tmp/cache/persistent/cake_core_file_map) [http://php.net/function.fopen]: failed to open stream: Permission denied in [/var/www/cakephp/cake/libs/cache/file.php, line 142]
2012-02-11 20:20:52 Warning: Warning (2): fopen(/var/www/cms.local/tmp/cache/persistent/cake_core_object_map) [http://php.net/function.fopen]: failed to open stream: Permission denied in [/var/www/cakephp/cake/libs/cache/file.php, line 142]
2012-02-11 20:20:52 Warning: Warning (2): fopen(/var/www/cms.local/tmp/cache/persistent/cake_core_dir_map) [http://php.net/function.fopen]: failed to open stream: Permission denied in [/var/www/cakephp/cake/libs/cache/file.php, line 142]
2012-02-11 20:20:52 Warning: Warning (2): fopen(/var/www/cms.local/tmp/cache/persistent/cake_core_dir_map) [http://php.net/function.fopen]: failed to open stream: Permission denied in [/var/www/cakephp/cake/libs/cache/file.php, line 142]
2012-02-11 20:20:52 Warning: Warning (2): fopen(/var/www/cms.local/tmp/cache/persistent/cake_core_file_map) [http://php.net/function.fopen]: failed to open stream: Permission denied in [/var/www/cakephp/cake/libs/cache/file.php, line 142]
2012-02-11 20:20:52 Warning: Warning (2): fopen(/var/www/cms.local/tmp/cache/persistent/cake_core_file_map) [http://php.net/function.fopen]: failed to open stream: Permission denied in [/var/www/cakephp/cake/libs/cache/file.php, line 142]
2012-02-11 20:20:52 Warning: Warning (2): fopen(/var/www/cms.local/tmp/cache/persistent/cake_core_object_map) [http://php.net/function.fopen]: failed to open stream: Permission denied in [/var/www/cakephp/cake/libs/cache/file.php, line 142]
2012-02-11 20:20:52 Warning: Warning (2): fopen(/var/www/cms.local/tmp/cache/persistent/cake_core_object_map) [http://php.net/function.fopen]: failed to open stream: Permission denied in [/var/www/cakephp/cake/libs/cache/file.php, line 142]
2012-02-11 20:20:52 Warning: Warning (2): fopen(/var/www/cms.local/tmp/cache/persistent/cake_core_dir_map) [http://php.net/function.fopen]: failed to open stream: Permission denied in [/var/www/cakephp/cake/libs/cache/file.php, line 142]
2012-02-11 20:20:52 Warning: Warning (2): fopen(/var/www/cms.local/tmp/cache/persistent/cake_core_file_map) [http://php.net/function.fopen]: failed to open stream: Permission denied in [/var/www/cakephp/cake/libs/cache/file.php, line 142]
2012-02-11 20:20:52 Warning: Warning (2): fopen(/var/www/cms.local/tmp/cache/persistent/cake_core_object_map) [http://php.net/function.fopen]: failed to open stream: Permission denied in [/var/www/cakephp/cake/libs/cache/file.php, line 142]
2012-02-11 20:20:52 Warning: Warning (2): fopen(/var/www/cms.local/tmp/cache/persistent/cake_core_dir_map) [http://php.net/function.fopen]: failed to open stream: Permission denied in [/var/www/cakephp/cake/libs/cache/file.php, line 142]
2012-02-11 20:20:52 Warning: Warning (2): fopen(/var/www/cms.local/tmp/cache/persistent/cake_core_file_map) [http://php.net/function.fopen]: failed to open stream: Permission denied in [/var/www/cakephp/cake/libs/cache/file.php, line 142]
2012-02-11 20:20:52 Warning: Warning (2): fopen(/var/www/cms.local/tmp/cache/persistent/cake_core_object_map) [http://php.net/function.fopen]: failed to open stream: Permission denied in [/var/www/cakephp/cake/libs/cache/file.php, line 142]
2012-02-11 20:20:53 Warning: Warning (2): fopen(/var/www/cms.local/tmp/cache/persistent/cake_core_debug_kit_en-us) [http://php.net/function.fopen]: failed to open stream: Permission denied in [/var/www/cakephp/cake/libs/cache/file.php, line 142]
2012-02-11 20:20:53 Warning: Warning (2): fopen(/var/www/cms.local/tmp/cache/persistent/cake_core_default_en-us) [http://php.net/function.fopen]: failed to open stream: Permission denied in [/var/www/cakephp/cake/libs/cache/file.php, line 142]
2012-02-11 20:20:53 Warning: Warning (2): fopen(/var/www/cms.local/tmp/cache/persistent/cake_core_dir_map) [http://php.net/function.fopen]: failed to open stream: Permission denied in [/var/www/cakephp/cake/libs/cache/file.php, line 142]
2012-02-11 20:20:53 Warning: Warning (2): fopen(/var/www/cms.local/tmp/cache/persistent/cake_core_file_map) [http://php.net/function.fopen]: failed to open stream: Permission denied in [/var/www/cakephp/cake/libs/cache/file.php, line 142]
2012-02-11 20:20:53 Warning: Warning (2): fopen(/var/www/cms.local/tmp/cache/persistent/cake_core_object_map) [http://php.net/function.fopen]: failed to open stream: Permission denied in [/var/www/cakephp/cake/libs/cache/file.php, line 142]
2012-02-11 20:20:53 Warning: Warning (2): fopen(/var/www/cms.local/tmp/cache/persistent/cake_core_dir_map) [http://php.net/function.fopen]: failed to open stream: Permission denied in [/var/www/cakephp/cake/libs/cache/file.php, line 142]
2012-02-11 20:20:53 Warning: Warning (2): fopen(/var/www/cms.local/tmp/cache/persistent/cake_core_dir_map) [http://php.net/function.fopen]: failed to open stream: Permission denied in [/var/www/cakephp/cake/libs/cache/file.php, line 142]
2012-02-11 20:20:53 Warning: Warning (2): fopen(/var/www/cms.local/tmp/cache/persistent/cake_core_file_map) [http://php.net/function.fopen]: failed to open stream: Permission denied in [/var/www/cakephp/cake/libs/cache/file.php, line 142]
2012-02-11 20:20:53 Warning: Warning (2): fopen(/var/www/cms.local/tmp/cache/persistent/cake_core_object_map) [http://php.net/function.fopen]: failed to open stream: Permission denied in [/var/www/cakephp/cake/libs/cache/file.php, line 142]
2012-02-11 20:20:54 Warning: Warning (2): fopen(/var/www/cms.local/tmp/cache/persistent/cake_core_file_map) [http://php.net/function.fopen]: failed to open stream: Permission denied in [/var/www/cakephp/cake/libs/cache/file.php, line 142]
2012-02-11 20:20:54 Warning: Warning (2): fopen(/var/www/cms.local/tmp/cache/persistent/cake_core_object_map) [http://php.net/function.fopen]: failed to open stream: Permission denied in [/var/www/cakephp/cake/libs/cache/file.php, line 142]
2012-02-11 20:20:54 Warning: Warning (2): fopen(/var/www/cms.local/tmp/cache/persistent/cake_core_dir_map) [http://php.net/function.fopen]: failed to open stream: Permission denied in [/var/www/cakephp/cake/libs/cache/file.php, line 142]
2012-02-11 20:20:54 Warning: Warning (2): fopen(/var/www/cms.local/tmp/cache/persistent/cake_core_dir_map) [http://php.net/function.fopen]: failed to open stream: Permission denied in [/var/www/cakephp/cake/libs/cache/file.php, line 142]
2012-02-11 20:20:54 Warning: Warning (2): fopen(/var/www/cms.local/tmp/cache/persistent/cake_core_file_map) [http://php.net/function.fopen]: failed to open stream: Permission denied in [/var/www/cakephp/cake/libs/cache/file.php, line 142]
2012-02-11 20:20:54 Warning: Warning (2): fopen(/var/www/cms.local/tmp/cache/persistent/cake_core_object_map) [http://php.net/function.fopen]: failed to open stream: Permission denied in [/var/www/cakephp/cake/libs/cache/file.php, line 142]
2012-02-11 20:20:54 Warning: Warning (2): fopen(/var/www/cms.local/tmp/cache/persistent/cake_core_file_map) [http://php.net/function.fopen]: failed to open stream: Permission denied in [/var/www/cakephp/cake/libs/cache/file.php, line 142]
2012-02-11 20:20:54 Warning: Warning (2): fopen(/var/www/cms.local/tmp/cache/persistent/cake_core_object_map) [http://php.net/function.fopen]: failed to open stream: Permission denied in [/var/www/cakephp/cake/libs/cache/file.php, line 142]
2012-02-11 20:20:54 Warning: Warning (2): fopen(/var/www/cms.local/tmp/cache/persistent/cake_core_dir_map) [http://php.net/function.fopen]: failed to open stream: Permission denied in [/var/www/cakephp/cake/libs/cache/file.php, line 142]
2012-02-11 20:20:54 Warning: Warning (2): fopen(/var/www/cms.local/tmp/cache/persistent/cake_core_file_map) [http://php.net/function.fopen]: failed to open stream: Permission denied in [/var/www/cakephp/cake/libs/cache/file.php, line 142]
2012-02-11 20:20:54 Warning: Warning (2): fopen(/var/www/cms.local/tmp/cache/persistent/cake_core_object_map) [http://php.net/function.fopen]: failed to open stream: Permission denied in [/var/www/cakephp/cake/libs/cache/file.php, line 142]
2012-02-11 20:20:54 Warning: Warning (2): fopen(/var/www/cms.local/tmp/cache/persistent/cake_core_dir_map) [http://php.net/function.fopen]: failed to open stream: Permission denied in [/var/www/cakephp/cake/libs/cache/file.php, line 142]
2012-02-11 20:20:54 Warning: Warning (2): fopen(/var/www/cms.local/tmp/cache/persistent/cake_core_file_map) [http://php.net/function.fopen]: failed to open stream: Permission denied in [/var/www/cakephp/cake/libs/cache/file.php, line 142]
2012-02-11 20:20:54 Warning: Warning (2): fopen(/var/www/cms.local/tmp/cache/persistent/cake_core_object_map) [http://php.net/function.fopen]: failed to open stream: Permission denied in [/var/www/cakephp/cake/libs/cache/file.php, line 142]
2012-02-11 20:21:04 Warning: Warning (2): fopen(/var/www/cms.local/tmp/cache/persistent/cake_core_debug_kit_en-us) [http://php.net/function.fopen]: failed to open stream: Permission denied in [/var/www/cakephp/cake/libs/cache/file.php, line 142]
2012-02-11 20:21:04 Warning: Warning (2): fopen(/var/www/cms.local/tmp/cache/persistent/cake_core_default_en-us) [http://php.net/function.fopen]: failed to open stream: Permission denied in [/var/www/cakephp/cake/libs/cache/file.php, line 142]
2012-02-11 20:21:04 Warning: Warning (2): Cannot modify header information - headers already sent by (output started at /var/www/cakephp/cake/libs/debugger.php:686) in [/var/www/cakephp/cake/libs/controller/controller.php, line 742]
2012-02-11 20:21:04 Warning: Warning (2): fopen(/var/www/cms.local/tmp/cache/persistent/cake_core_dir_map) [http://php.net/function.fopen]: failed to open stream: Permission denied in [/var/www/cakephp/cake/libs/cache/file.php, line 142]
2012-02-11 20:21:04 Warning: Warning (2): fopen(/var/www/cms.local/tmp/cache/persistent/cake_core_file_map) [http://php.net/function.fopen]: failed to open stream: Permission denied in [/var/www/cakephp/cake/libs/cache/file.php, line 142]
2012-02-11 20:21:04 Warning: Warning (2): fopen(/var/www/cms.local/tmp/cache/persistent/cake_core_object_map) [http://php.net/function.fopen]: failed to open stream: Permission denied in [/var/www/cakephp/cake/libs/cache/file.php, line 142]
2012-02-11 20:21:07 Warning: Warning (2): fopen(/var/www/cms.local/tmp/cache/persistent/cake_core_debug_kit_en-us) [http://php.net/function.fopen]: failed to open stream: Permission denied in [/var/www/cakephp/cake/libs/cache/file.php, line 142]
2012-02-11 20:21:07 Warning: Warning (2): fopen(/var/www/cms.local/tmp/cache/persistent/cake_core_default_en-us) [http://php.net/function.fopen]: failed to open stream: Permission denied in [/var/www/cakephp/cake/libs/cache/file.php, line 142]
2012-02-11 20:21:08 Warning: Warning (2): Cannot modify header information - headers already sent by (output started at /var/www/cakephp/cake/libs/debugger.php:686) in [/var/www/cakephp/cake/libs/controller/controller.php, line 742]
2012-02-11 20:21:08 Warning: Warning (2): fopen(/var/www/cms.local/tmp/cache/persistent/cake_core_dir_map) [http://php.net/function.fopen]: failed to open stream: Permission denied in [/var/www/cakephp/cake/libs/cache/file.php, line 142]
2012-02-11 20:21:08 Warning: Warning (2): fopen(/var/www/cms.local/tmp/cache/persistent/cake_core_file_map) [http://php.net/function.fopen]: failed to open stream: Permission denied in [/var/www/cakephp/cake/libs/cache/file.php, line 142]
2012-02-11 20:21:08 Warning: Warning (2): fopen(/var/www/cms.local/tmp/cache/persistent/cake_core_object_map) [http://php.net/function.fopen]: failed to open stream: Permission denied in [/var/www/cakephp/cake/libs/cache/file.php, line 142]
2012-02-11 20:22:09 Warning: Warning (2): fopen(/var/www/cms.local/tmp/cache/persistent/cake_core_debug_kit_en-us) [http://php.net/function.fopen]: failed to open stream: Permission denied in [/var/www/cakephp/cake/libs/cache/file.php, line 142]
2012-02-11 20:22:09 Warning: Warning (2): fopen(/var/www/cms.local/tmp/cache/persistent/cake_core_default_en-us) [http://php.net/function.fopen]: failed to open stream: Permission denied in [/var/www/cakephp/cake/libs/cache/file.php, line 142]
2012-02-11 20:22:09 Warning: Warning (2): fopen(/var/www/cms.local/tmp/cache/persistent/cake_core_dir_map) [http://php.net/function.fopen]: failed to open stream: Permission denied in [/var/www/cakephp/cake/libs/cache/file.php, line 142]
2012-02-11 20:22:09 Warning: Warning (2): fopen(/var/www/cms.local/tmp/cache/persistent/cake_core_file_map) [http://php.net/function.fopen]: failed to open stream: Permission denied in [/var/www/cakephp/cake/libs/cache/file.php, line 142]
2012-02-11 20:22:09 Warning: Warning (2): fopen(/var/www/cms.local/tmp/cache/persistent/cake_core_object_map) [http://php.net/function.fopen]: failed to open stream: Permission denied in [/var/www/cakephp/cake/libs/cache/file.php, line 142]
2012-02-11 20:22:09 Warning: Warning (2): fopen(/var/www/cms.local/tmp/cache/persistent/cake_core_dir_map) [http://php.net/function.fopen]: failed to open stream: Permission denied in [/var/www/cakephp/cake/libs/cache/file.php, line 142]
2012-02-11 20:22:09 Warning: Warning (2): fopen(/var/www/cms.local/tmp/cache/persistent/cake_core_file_map) [http://php.net/function.fopen]: failed to open stream: Permission denied in [/var/www/cakephp/cake/libs/cache/file.php, line 142]
2012-02-11 20:22:09 Warning: Warning (2): fopen(/var/www/cms.local/tmp/cache/persistent/cake_core_object_map) [http://php.net/function.fopen]: failed to open stream: Permission denied in [/var/www/cakephp/cake/libs/cache/file.php, line 142]
2012-02-11 20:22:09 Warning: Warning (2): fopen(/var/www/cms.local/tmp/cache/persistent/cake_core_dir_map) [http://php.net/function.fopen]: failed to open stream: Permission denied in [/var/www/cakephp/cake/libs/cache/file.php, line 142]
2012-02-11 20:22:09 Warning: Warning (2): fopen(/var/www/cms.local/tmp/cache/persistent/cake_core_file_map) [http://php.net/function.fopen]: failed to open stream: Permission denied in [/var/www/cakephp/cake/libs/cache/file.php, line 142]
2012-02-11 20:22:09 Warning: Warning (2): fopen(/var/www/cms.local/tmp/cache/persistent/cake_core_object_map) [http://php.net/function.fopen]: failed to open stream: Permission denied in [/var/www/cakephp/cake/libs/cache/file.php, line 142]
2012-02-11 20:22:09 Warning: Warning (2): fopen(/var/www/cms.local/tmp/cache/persistent/cake_core_dir_map) [http://php.net/function.fopen]: failed to open stream: Permission denied in [/var/www/cakephp/cake/libs/cache/file.php, line 142]
2012-02-11 20:22:09 Warning: Warning (2): fopen(/var/www/cms.local/tmp/cache/persistent/cake_core_file_map) [http://php.net/function.fopen]: failed to open stream: Permission denied in [/var/www/cakephp/cake/libs/cache/file.php, line 142]
2012-02-11 20:22:09 Warning: Warning (2): fopen(/var/www/cms.local/tmp/cache/persistent/cake_core_object_map) [http://php.net/function.fopen]: failed to open stream: Permission denied in [/var/www/cakephp/cake/libs/cache/file.php, line 142]
2012-02-11 20:22:09 Warning: Warning (2): fopen(/var/www/cms.local/tmp/cache/persistent/cake_core_dir_map) [http://php.net/function.fopen]: failed to open stream: Permission denied in [/var/www/cakephp/cake/libs/cache/file.php, line 142]
2012-02-11 20:22:09 Warning: Warning (2): fopen(/var/www/cms.local/tmp/cache/persistent/cake_core_file_map) [http://php.net/function.fopen]: failed to open stream: Permission denied in [/var/www/cakephp/cake/libs/cache/file.php, line 142]
2012-02-11 20:22:09 Warning: Warning (2): fopen(/var/www/cms.local/tmp/cache/persistent/cake_core_object_map) [http://php.net/function.fopen]: failed to open stream: Permission denied in [/var/www/cakephp/cake/libs/cache/file.php, line 142]
2012-02-11 20:22:09 Warning: Warning (2): fopen(/var/www/cms.local/tmp/cache/persistent/cake_core_dir_map) [http://php.net/function.fopen]: failed to open stream: Permission denied in [/var/www/cakephp/cake/libs/cache/file.php, line 142]
2012-02-11 20:22:09 Warning: Warning (2): fopen(/var/www/cms.local/tmp/cache/persistent/cake_core_file_map) [http://php.net/function.fopen]: failed to open stream: Permission denied in [/var/www/cakephp/cake/libs/cache/file.php, line 142]
2012-02-11 20:22:09 Warning: Warning (2): fopen(/var/www/cms.local/tmp/cache/persistent/cake_core_object_map) [http://php.net/function.fopen]: failed to open stream: Permission denied in [/var/www/cakephp/cake/libs/cache/file.php, line 142]
2012-02-11 20:22:09 Warning: Warning (2): fopen(/var/www/cms.local/tmp/cache/persistent/cake_core_dir_map) [http://php.net/function.fopen]: failed to open stream: Permission denied in [/var/www/cakephp/cake/libs/cache/file.php, line 142]
2012-02-11 20:22:09 Warning: Warning (2): fopen(/var/www/cms.local/tmp/cache/persistent/cake_core_file_map) [http://php.net/function.fopen]: failed to open stream: Permission denied in [/var/www/cakephp/cake/libs/cache/file.php, line 142]
2012-02-11 20:22:09 Warning: Warning (2): fopen(/var/www/cms.local/tmp/cache/persistent/cake_core_object_map) [http://php.net/function.fopen]: failed to open stream: Permission denied in [/var/www/cakephp/cake/libs/cache/file.php, line 142]
